<?xml version="1.0" encoding="UTF-8" ?>
<testsuite failures="0" time="0.46" errors="0" skipped="0" tests="6" name="org.obm.annotations.transactional.TransactionalTest">
  <properties>
    <property name="java.runtime.name" value="Java(TM) SE Runtime Environment"/>
    <property name="sun.boot.library.path" value="/opt/java/jre/lib/amd64"/>
    <property name="java.vm.version" value="20.1-b02"/>
    <property name="java.vm.vendor" value="Sun Microsystems Inc."/>
    <property name="java.vendor.url" value="http://java.sun.com/"/>
    <property name="path.separator" value=":"/>
    <property name="java.vm.name" value="Java HotSpot(TM) 64-Bit Server VM"/>
    <property name="file.encoding.pkg" value="sun.io"/>
    <property name="user.country" value="US"/>
    <property name="sun.java.launcher" value="SUN_STANDARD"/>
    <property name="sun.os.patch.level" value="unknown"/>
    <property name="java.vm.specification.name" value="Java Virtual Machine Specification"/>
    <property name="user.dir" value="/home/erwan/projects/obm/workspace/obm-sync/trunk/annotations"/>
    <property name="java.runtime.version" value="1.6.0_26-b03"/>
    <property name="java.awt.graphicsenv" value="sun.awt.X11GraphicsEnvironment"/>
    <property name="basedir" value="/home/erwan/projects/obm/workspace/obm-sync/trunk/annotations"/>
    <property name="java.endorsed.dirs" value="/opt/java/jre/lib/endorsed"/>
    <property name="os.arch" value="amd64"/>
    <property name="surefire.real.class.path" value="/home/erwan/projects/obm/workspace/obm-sync/trunk/annotations/target/surefire/surefirebooter679530308037654700.jar"/>
    <property name="java.io.tmpdir" value="/tmp"/>
    <property name="line.separator" value="
"/>
    <property name="java.vm.specification.vendor" value="Sun Microsystems Inc."/>
    <property name="os.name" value="Linux"/>
    <property name="sun.jnu.encoding" value="UTF-8"/>
    <property name="java.library.path" value="/opt/java/jre/lib/amd64/server:/opt/java/jre/lib/amd64:/opt/java/jre/../lib/amd64:/usr/java/packages/lib/amd64:/usr/lib64:/lib64:/lib:/usr/lib"/>
    <property name="surefire.test.class.path" value="/home/erwan/projects/obm/workspace/obm-sync/trunk/annotations/target/test-classes:/home/erwan/projects/obm/workspace/obm-sync/trunk/annotations/target/classes:/home/erwan/.m2/repository/junit/junit/4.8.2/junit-4.8.2.jar:/home/erwan/.m2/repository/javax/transaction/jta/1.1/jta-1.1.jar:/home/erwan/.m2/repository/org/slf4j/slf4j-nop/1.5.8/slf4j-nop-1.5.8.jar:/home/erwan/.m2/repository/org/slf4j/slf4j-api/1.5.8/slf4j-api-1.5.8.jar:/home/erwan/.m2/repository/com/google/inject/guice/3.0/guice-3.0.jar:/home/erwan/.m2/repository/javax/inject/javax.inject/1/javax.inject-1.jar:/home/erwan/.m2/repository/aopalliance/aopalliance/1.0/aopalliance-1.0.jar:/home/erwan/.m2/repository/org/easymock/easymock/3.0/easymock-3.0.jar:/home/erwan/.m2/repository/cglib/cglib-nodep/2.2/cglib-nodep-2.2.jar:/home/erwan/.m2/repository/org/objenesis/objenesis/1.2/objenesis-1.2.jar:/home/erwan/.m2/repository/com/atomikos/transactions-jta/3.7.0/transactions-jta-3.7.0.jar:/home/erwan/.m2/repository/com/atomikos/transactions/3.7.0/transactions-3.7.0.jar:/home/erwan/.m2/repository/com/atomikos/transactions-api/3.7.0/transactions-api-3.7.0.jar:/home/erwan/.m2/repository/com/atomikos/atomikos-util/3.7.0/atomikos-util-3.7.0.jar:"/>
    <property name="java.specification.name" value="Java Platform API Specification"/>
    <property name="java.class.version" value="50.0"/>
    <property name="sun.management.compiler" value="HotSpot 64-Bit Tiered Compilers"/>
    <property name="os.version" value="2.6.39-ARCH"/>
    <property name="user.home" value="/home/erwan"/>
    <property name="user.timezone" value="Europe/Paris"/>
    <property name="java.awt.printerjob" value="sun.print.PSPrinterJob"/>
    <property name="file.encoding" value="UTF-8"/>
    <property name="java.specification.version" value="1.6"/>
    <property name="user.name" value="erwan"/>
    <property name="java.class.path" value="/home/erwan/projects/obm/workspace/obm-sync/trunk/annotations/target/test-classes:/home/erwan/projects/obm/workspace/obm-sync/trunk/annotations/target/classes:/home/erwan/.m2/repository/junit/junit/4.8.2/junit-4.8.2.jar:/home/erwan/.m2/repository/javax/transaction/jta/1.1/jta-1.1.jar:/home/erwan/.m2/repository/org/slf4j/slf4j-nop/1.5.8/slf4j-nop-1.5.8.jar:/home/erwan/.m2/repository/org/slf4j/slf4j-api/1.5.8/slf4j-api-1.5.8.jar:/home/erwan/.m2/repository/com/google/inject/guice/3.0/guice-3.0.jar:/home/erwan/.m2/repository/javax/inject/javax.inject/1/javax.inject-1.jar:/home/erwan/.m2/repository/aopalliance/aopalliance/1.0/aopalliance-1.0.jar:/home/erwan/.m2/repository/org/easymock/easymock/3.0/easymock-3.0.jar:/home/erwan/.m2/repository/cglib/cglib-nodep/2.2/cglib-nodep-2.2.jar:/home/erwan/.m2/repository/org/objenesis/objenesis/1.2/objenesis-1.2.jar:/home/erwan/.m2/repository/com/atomikos/transactions-jta/3.7.0/transactions-jta-3.7.0.jar:/home/erwan/.m2/repository/com/atomikos/transactions/3.7.0/transactions-3.7.0.jar:/home/erwan/.m2/repository/com/atomikos/transactions-api/3.7.0/transactions-api-3.7.0.jar:/home/erwan/.m2/repository/com/atomikos/atomikos-util/3.7.0/atomikos-util-3.7.0.jar:"/>
    <property name="java.vm.specification.version" value="1.0"/>
    <property name="sun.arch.data.model" value="64"/>
    <property name="java.home" value="/opt/java/jre"/>
    <property name="sun.java.command" value="/home/erwan/projects/obm/workspace/obm-sync/trunk/annotations/target/surefire/surefirebooter679530308037654700.jar /home/erwan/projects/obm/workspace/obm-sync/trunk/annotations/target/surefire/surefire5394616530904773553tmp /home/erwan/projects/obm/workspace/obm-sync/trunk/annotations/target/surefire/surefire4385947592227910335tmp"/>
    <property name="java.specification.vendor" value="Sun Microsystems Inc."/>
    <property name="user.language" value="en"/>
    <property name="java.vm.info" value="mixed mode"/>
    <property name="java.version" value="1.6.0_26"/>
    <property name="java.ext.dirs" value="/opt/java/jre/lib/ext:/usr/java/packages/lib/ext"/>
    <property name="sun.boot.class.path" value="/opt/java/jre/lib/resources.jar:/opt/java/jre/lib/rt.jar:/opt/java/jre/lib/sunrsasign.jar:/opt/java/jre/lib/jsse.jar:/opt/java/jre/lib/jce.jar:/opt/java/jre/lib/charsets.jar:/opt/java/jre/lib/modules/jdk.boot.jar:/opt/java/jre/classes"/>
    <property name="java.vendor" value="Sun Microsystems Inc."/>
    <property name="localRepository" value="/home/erwan/.m2/repository"/>
    <property name="file.separator" value="/"/>
    <property name="java.vendor.url.bug" value="http://java.sun.com/cgi-bin/bugreport.cgi"/>
    <property name="sun.cpu.endian" value="little"/>
    <property name="sun.io.unicode.encoding" value="UnicodeLittle"/>
    <property name="sun.cpu.isalist" value=""/>
  </properties>
  <testcase time="0.426" classname="org.obm.annotations.transactional.TransactionalTest" name="testOneTransaction"/>
  <testcase time="0.006" classname="org.obm.annotations.transactional.TransactionalTest" name="testNested"/>
  <testcase time="0.005" classname="org.obm.annotations.transactional.TransactionalTest" name="testRollback"/>
  <testcase time="0.004" classname="org.obm.annotations.transactional.TransactionalTest" name="testNestedRollback"/>
  <testcase time="0.004" classname="org.obm.annotations.transactional.TransactionalTest" name="testRollbackException"/>
  <testcase time="0.007" classname="org.obm.annotations.transactional.TransactionalTest" name="testNestedRollbackException"/>
</testsuite>